n_estimators=25,n_jobs=1,max_depth=0,min_samples_leaf=1,min_samples_split=2,criterion=gini,max_features=sqrt
max_depth=18446744073709551615,min_samples_leaf=1,min_samples_split=2,seed=3487411360,criterion=gini,max_features=sqrt,root_id=0
id=0,leaf=0,depth=0
feature=18,threshold=0.000805,left=1,right=2
id=1,leaf=0,depth=1
feature=0,threshold=104,left=3,right=4
id=3,leaf=0,depth=2
feature=0,threshold=100.5,left=7,right=8
id=7,leaf=0,depth=3
feature=15,threshold=5e-05,left=15,right=16
id=15,leaf=1,depth=4
h=0,probs={3:1}
id=16,leaf=1,depth=4
h=0,probs={1:1}
id=8,leaf=1,depth=3
h=0,probs={1:1}
id=4,leaf=0,depth=2
feature=17,threshold=0.00657085,left=9,right=10
id=9,leaf=0,depth=3
feature=18,threshold=0.000765,left=19,right=20
id=19,leaf=1,depth=4
h=0,probs={3:1}
id=20,leaf=0,depth=4
feature=25,threshold=2.16446e-05,left=41,right=42
id=41,leaf=0,depth=5
feature=11,threshold=2.92609e+06,left=83,right=84
id=83,leaf=1,depth=6
h=0,probs={1:1}
id=84,leaf=1,depth=6
h=0,probs={3:1}
id=42,leaf=1,depth=5
h=0,probs={3:1}
id=10,leaf=0,depth=3
feature=2,threshold=0.00163215,left=21,right=22
id=21,leaf=0,depth=4
feature=24,threshold=0.0406245,left=43,right=44
id=43,leaf=1,depth=5
h=0,probs={1:1}
id=44,leaf=1,depth=5
h=0,probs={3:1}
id=22,leaf=0,depth=4
feature=25,threshold=0.00344767,left=45,right=46
id=45,leaf=0,depth=5
feature=25,threshold=0.00214285,left=91,right=92
id=91,leaf=1,depth=6
h=0,probs={3:1}
id=92,leaf=1,depth=6
h=0,probs={1:1}
id=46,leaf=1,depth=5
h=0,probs={3:1}
id=2,leaf=0,depth=1
feature=5,threshold=490.77,left=5,right=6
id=5,leaf=0,depth=2
feature=4,threshold=375,left=11,right=12
id=11,leaf=0,depth=3
feature=8,threshold=12.3011,left=23,right=24
id=23,leaf=0,depth=4
feature=4,threshold=121.5,left=47,right=48
id=47,leaf=1,depth=5
h=0,probs={3:1}
id=48,leaf=1,depth=5
h=0,probs={2:1}
id=24,leaf=1,depth=4
h=0,probs={3:1}
id=12,leaf=1,depth=3
h=0,probs={3:1}
id=6,leaf=0,depth=2
feature=8,threshold=-5.89974,left=13,right=14
id=13,leaf=1,depth=3
h=0,probs={3:1}
id=14,leaf=0,depth=3
feature=10,threshold=-0.000695269,left=29,right=30
id=29,leaf=1,depth=4
h=0,probs={1:1}
id=30,leaf=0,depth=4
feature=13,threshold=602761,left=61,right=62
id=61,leaf=1,depth=5
h=0,probs={1:1}
id=62,leaf=1,depth=5
h=0,probs={3:1}

max_depth=18446744073709551615,min_samples_leaf=1,min_samples_split=2,seed=3487411360,criterion=gini,max_features=sqrt,root_id=0
id=0,leaf=0,depth=0
feature=18,threshold=0.000805,left=1,right=2
id=1,leaf=0,depth=1
feature=0,threshold=104,left=3,right=4
id=3,leaf=0,depth=2
feature=0,threshold=100.5,left=7,right=8
id=7,leaf=0,depth=3
feature=15,threshold=5e-05,left=15,right=16
id=15,leaf=1,depth=4
h=0,probs={3:1}
id=16,leaf=1,depth=4
h=0,probs={1:1}
id=8,leaf=1,depth=3
h=0,probs={1:1}
id=4,leaf=0,depth=2
feature=17,threshold=0.00657085,left=9,right=10
id=9,leaf=0,depth=3
feature=18,threshold=0.000765,left=19,right=20
id=19,leaf=1,depth=4
h=0,probs={3:1}
id=20,leaf=0,depth=4
feature=25,threshold=2.16446e-05,left=41,right=42
id=41,leaf=0,depth=5
feature=11,threshold=2.92609e+06,left=83,right=84
id=83,leaf=1,depth=6
h=0,probs={1:1}
id=84,leaf=1,depth=6
h=0,probs={3:1}
id=42,leaf=1,depth=5
h=0,probs={3:1}
id=10,leaf=0,depth=3
feature=2,threshold=0.00163215,left=21,right=22
id=21,leaf=0,depth=4
feature=24,threshold=0.0406245,left=43,right=44
id=43,leaf=1,depth=5
h=0,probs={1:1}
id=44,leaf=1,depth=5
h=0,probs={3:1}
id=22,leaf=0,depth=4
feature=25,threshold=0.00344767,left=45,right=46
id=45,leaf=0,depth=5
feature=25,threshold=0.00214285,left=91,right=92
id=91,leaf=1,depth=6
h=0,probs={3:1}
id=92,leaf=1,depth=6
h=0,probs={1:1}
id=46,leaf=1,depth=5
h=0,probs={3:1}
id=2,leaf=0,depth=1
feature=5,threshold=490.77,left=5,right=6
id=5,leaf=0,depth=2
feature=4,threshold=375,left=11,right=12
id=11,leaf=0,depth=3
feature=8,threshold=12.3011,left=23,right=24
id=23,leaf=0,depth=4
feature=4,threshold=121.5,left=47,right=48
id=47,leaf=1,depth=5
h=0,probs={3:1}
id=48,leaf=1,depth=5
h=0,probs={2:1}
id=24,leaf=1,depth=4
h=0,probs={3:1}
id=12,leaf=1,depth=3
h=0,probs={3:1}
id=6,leaf=0,depth=2
feature=8,threshold=-5.89974,left=13,right=14
id=13,leaf=1,depth=3
h=0,probs={3:1}
id=14,leaf=0,depth=3
feature=10,threshold=-0.000695269,left=29,right=30
id=29,leaf=1,depth=4
h=0,probs={1:1}
id=30,leaf=0,depth=4
feature=13,threshold=602761,left=61,right=62
id=61,leaf=1,depth=5
h=0,probs={1:1}
id=62,leaf=1,depth=5
h=0,probs={3:1}

max_depth=18446744073709551615,min_samples_leaf=1,min_samples_split=2,seed=3487411360,criterion=gini,max_features=sqrt,root_id=0
id=0,leaf=0,depth=0
feature=18,threshold=0.000805,left=1,right=2
id=1,leaf=0,depth=1
feature=0,threshold=104,left=3,right=4
id=3,leaf=0,depth=2
feature=0,threshold=100.5,left=7,right=8
id=7,leaf=0,depth=3
feature=15,threshold=5e-05,left=15,right=16
id=15,leaf=1,depth=4
h=0,probs={3:1}
id=16,leaf=1,depth=4
h=0,probs={1:1}
id=8,leaf=1,depth=3
h=0,probs={1:1}
id=4,leaf=0,depth=2
feature=17,threshold=0.00657085,left=9,right=10
id=9,leaf=0,depth=3
feature=18,threshold=0.000765,left=19,right=20
id=19,leaf=1,depth=4
h=0,probs={3:1}
id=20,leaf=0,depth=4
feature=25,threshold=2.16446e-05,left=41,right=42
id=41,leaf=0,depth=5
feature=11,threshold=2.92609e+06,left=83,right=84
id=83,leaf=1,depth=6
h=0,probs={1:1}
id=84,leaf=1,depth=6
h=0,probs={3:1}
id=42,leaf=1,depth=5
h=0,probs={3:1}
id=10,leaf=0,depth=3
feature=2,threshold=0.00163215,left=21,right=22
id=21,leaf=0,depth=4
feature=24,threshold=0.0406245,left=43,right=44
id=43,leaf=1,depth=5
h=0,probs={1:1}
id=44,leaf=1,depth=5
h=0,probs={3:1}
id=22,leaf=0,depth=4
feature=25,threshold=0.00344767,left=45,right=46
id=45,leaf=0,depth=5
feature=25,threshold=0.00214285,left=91,right=92
id=91,leaf=1,depth=6
h=0,probs={3:1}
id=92,leaf=1,depth=6
h=0,probs={1:1}
id=46,leaf=1,depth=5
h=0,probs={3:1}
id=2,leaf=0,depth=1
feature=5,threshold=490.77,left=5,right=6
id=5,leaf=0,depth=2
feature=4,threshold=375,left=11,right=12
id=11,leaf=0,depth=3
feature=8,threshold=12.3011,left=23,right=24
id=23,leaf=0,depth=4
feature=4,threshold=121.5,left=47,right=48
id=47,leaf=1,depth=5
h=0,probs={3:1}
id=48,leaf=1,depth=5
h=0,probs={2:1}
id=24,leaf=1,depth=4
h=0,probs={3:1}
id=12,leaf=1,depth=3
h=0,probs={3:1}
id=6,leaf=0,depth=2
feature=8,threshold=-5.89974,left=13,right=14
id=13,leaf=1,depth=3
h=0,probs={3:1}
id=14,leaf=0,depth=3
feature=10,threshold=-0.000695269,left=29,right=30
id=29,leaf=1,depth=4
h=0,probs={1:1}
id=30,leaf=0,depth=4
feature=13,threshold=602761,left=61,right=62
id=61,leaf=1,depth=5
h=0,probs={1:1}
id=62,leaf=1,depth=5
h=0,probs={3:1}

max_depth=18446744073709551615,min_samples_leaf=1,min_samples_split=2,seed=3487411360,criterion=gini,max_features=sqrt,root_id=0
id=0,leaf=0,depth=0
feature=18,threshold=0.000805,left=1,right=2
id=1,leaf=0,depth=1
feature=0,threshold=104,left=3,right=4
id=3,leaf=0,depth=2
feature=0,threshold=100.5,left=7,right=8
id=7,leaf=0,depth=3
feature=15,threshold=5e-05,left=15,right=16
id=15,leaf=1,depth=4
h=0,probs={3:1}
id=16,leaf=1,depth=4
h=0,probs={1:1}
id=8,leaf=1,depth=3
h=0,probs={1:1}
id=4,leaf=0,depth=2
feature=17,threshold=0.00657085,left=9,right=10
id=9,leaf=0,depth=3
feature=18,threshold=0.000765,left=19,right=20
id=19,leaf=1,depth=4
h=0,probs={3:1}
id=20,leaf=0,depth=4
feature=25,threshold=2.16446e-05,left=41,right=42
id=41,leaf=0,depth=5
feature=11,threshold=2.92609e+06,left=83,right=84
id=83,leaf=1,depth=6
h=0,probs={1:1}
id=84,leaf=1,depth=6
h=0,probs={3:1}
id=42,leaf=1,depth=5
h=0,probs={3:1}
id=10,leaf=0,depth=3
feature=2,threshold=0.00163215,left=21,right=22
id=21,leaf=0,depth=4
feature=24,threshold=0.0406245,left=43,right=44
id=43,leaf=1,depth=5
h=0,probs={1:1}
id=44,leaf=1,depth=5
h=0,probs={3:1}
id=22,leaf=0,depth=4
feature=25,threshold=0.00344767,left=45,right=46
id=45,leaf=0,depth=5
feature=25,threshold=0.00214285,left=91,right=92
id=91,leaf=1,depth=6
h=0,probs={3:1}
id=92,leaf=1,depth=6
h=0,probs={1:1}
id=46,leaf=1,depth=5
h=0,probs={3:1}
id=2,leaf=0,depth=1
feature=5,threshold=490.77,left=5,right=6
id=5,leaf=0,depth=2
feature=4,threshold=375,left=11,right=12
id=11,leaf=0,depth=3
feature=8,threshold=12.3011,left=23,right=24
id=23,leaf=0,depth=4
feature=4,threshold=121.5,left=47,right=48
id=47,leaf=1,depth=5
h=0,probs={3:1}
id=48,leaf=1,depth=5
h=0,probs={2:1}
id=24,leaf=1,depth=4
h=0,probs={3:1}
id=12,leaf=1,depth=3
h=0,probs={3:1}
id=6,leaf=0,depth=2
feature=8,threshold=-5.89974,left=13,right=14
id=13,leaf=1,depth=3
h=0,probs={3:1}
id=14,leaf=0,depth=3
feature=10,threshold=-0.000695269,left=29,right=30
id=29,leaf=1,depth=4
h=0,probs={1:1}
id=30,leaf=0,depth=4
feature=13,threshold=602761,left=61,right=62
id=61,leaf=1,depth=5
h=0,probs={1:1}
id=62,leaf=1,depth=5
h=0,probs={3:1}

max_depth=18446744073709551615,min_samples_leaf=1,min_samples_split=2,seed=3487411360,criterion=gini,max_features=sqrt,root_id=0
id=0,leaf=0,depth=0
feature=18,threshold=0.000805,left=1,right=2
id=1,leaf=0,depth=1
feature=0,threshold=104,left=3,right=4
id=3,leaf=0,depth=2
feature=0,threshold=100.5,left=7,right=8
id=7,leaf=0,depth=3
feature=15,threshold=5e-05,left=15,right=16
id=15,leaf=1,depth=4
h=0,probs={3:1}
id=16,leaf=1,depth=4
h=0,probs={1:1}
id=8,leaf=1,depth=3
h=0,probs={1:1}
id=4,leaf=0,depth=2
feature=17,threshold=0.00657085,left=9,right=10
id=9,leaf=0,depth=3
feature=18,threshold=0.000765,left=19,right=20
id=19,leaf=1,depth=4
h=0,probs={3:1}
id=20,leaf=0,depth=4
feature=25,threshold=2.16446e-05,left=41,right=42
id=41,leaf=0,depth=5
feature=11,threshold=2.92609e+06,left=83,right=84
id=83,leaf=1,depth=6
h=0,probs={1:1}
id=84,leaf=1,depth=6
h=0,probs={3:1}
id=42,leaf=1,depth=5
h=0,probs={3:1}
id=10,leaf=0,depth=3
feature=2,threshold=0.00163215,left=21,right=22
id=21,leaf=0,depth=4
feature=24,threshold=0.0406245,left=43,right=44
id=43,leaf=1,depth=5
h=0,probs={1:1}
id=44,leaf=1,depth=5
h=0,probs={3:1}
id=22,leaf=0,depth=4
feature=25,threshold=0.00344767,left=45,right=46
id=45,leaf=0,depth=5
feature=25,threshold=0.00214285,left=91,right=92
id=91,leaf=1,depth=6
h=0,probs={3:1}
id=92,leaf=1,depth=6
h=0,probs={1:1}
id=46,leaf=1,depth=5
h=0,probs={3:1}
id=2,leaf=0,depth=1
feature=5,threshold=490.77,left=5,right=6
id=5,leaf=0,depth=2
feature=4,threshold=375,left=11,right=12
id=11,leaf=0,depth=3
feature=8,threshold=12.3011,left=23,right=24
id=23,leaf=0,depth=4
feature=4,threshold=121.5,left=47,right=48
id=47,leaf=1,depth=5
h=0,probs={3:1}
id=48,leaf=1,depth=5
h=0,probs={2:1}
id=24,leaf=1,depth=4
h=0,probs={3:1}
id=12,leaf=1,depth=3
h=0,probs={3:1}
id=6,leaf=0,depth=2
feature=8,threshold=-5.89974,left=13,right=14
id=13,leaf=1,depth=3
h=0,probs={3:1}
id=14,leaf=0,depth=3
feature=10,threshold=-0.000695269,left=29,right=30
id=29,leaf=1,depth=4
h=0,probs={1:1}
id=30,leaf=0,depth=4
feature=13,threshold=602761,left=61,right=62
id=61,leaf=1,depth=5
h=0,probs={1:1}
id=62,leaf=1,depth=5
h=0,probs={3:1}

max_depth=18446744073709551615,min_samples_leaf=1,min_samples_split=2,seed=3487411360,criterion=gini,max_features=sqrt,root_id=0
id=0,leaf=0,depth=0
feature=18,threshold=0.000805,left=1,right=2
id=1,leaf=0,depth=1
feature=0,threshold=104,left=3,right=4
id=3,leaf=0,depth=2
feature=0,threshold=100.5,left=7,right=8
id=7,leaf=0,depth=3
feature=15,threshold=5e-05,left=15,right=16
id=15,leaf=1,depth=4
h=0,probs={3:1}
id=16,leaf=1,depth=4
h=0,probs={1:1}
id=8,leaf=1,depth=3
h=0,probs={1:1}
id=4,leaf=0,depth=2
feature=17,threshold=0.00657085,left=9,right=10
id=9,leaf=0,depth=3
feature=18,threshold=0.000765,left=19,right=20
id=19,leaf=1,depth=4
h=0,probs={3:1}
id=20,leaf=0,depth=4
feature=25,threshold=2.16446e-05,left=41,right=42
id=41,leaf=0,depth=5
feature=11,threshold=2.92609e+06,left=83,right=84
id=83,leaf=1,depth=6
h=0,probs={1:1}
id=84,leaf=1,depth=6
h=0,probs={3:1}
id=42,leaf=1,depth=5
h=0,probs={3:1}
id=10,leaf=0,depth=3
feature=2,threshold=0.00163215,left=21,right=22
id=21,leaf=0,depth=4
feature=24,threshold=0.0406245,left=43,right=44
id=43,leaf=1,depth=5
h=0,probs={1:1}
id=44,leaf=1,depth=5
h=0,probs={3:1}
id=22,leaf=0,depth=4
feature=25,threshold=0.00344767,left=45,right=46
id=45,leaf=0,depth=5
feature=25,threshold=0.00214285,left=91,right=92
id=91,leaf=1,depth=6
h=0,probs={3:1}
id=92,leaf=1,depth=6
h=0,probs={1:1}
id=46,leaf=1,depth=5
h=0,probs={3:1}
id=2,leaf=0,depth=1
feature=5,threshold=490.77,left=5,right=6
id=5,leaf=0,depth=2
feature=4,threshold=375,left=11,right=12
id=11,leaf=0,depth=3
feature=8,threshold=12.3011,left=23,right=24
id=23,leaf=0,depth=4
feature=4,threshold=121.5,left=47,right=48
id=47,leaf=1,depth=5
h=0,probs={3:1}
id=48,leaf=1,depth=5
h=0,probs={2:1}
id=24,leaf=1,depth=4
h=0,probs={3:1}
id=12,leaf=1,depth=3
h=0,probs={3:1}
id=6,leaf=0,depth=2
feature=8,threshold=-5.89974,left=13,right=14
id=13,leaf=1,depth=3
h=0,probs={3:1}
id=14,leaf=0,depth=3
feature=10,threshold=-0.000695269,left=29,right=30
id=29,leaf=1,depth=4
h=0,probs={1:1}
id=30,leaf=0,depth=4
feature=13,threshold=602761,left=61,right=62
id=61,leaf=1,depth=5
h=0,probs={1:1}
id=62,leaf=1,depth=5
h=0,probs={3:1}

max_depth=18446744073709551615,min_samples_leaf=1,min_samples_split=2,seed=3487411360,criterion=gini,max_features=sqrt,root_id=0
id=0,leaf=0,depth=0
feature=18,threshold=0.000805,left=1,right=2
id=1,leaf=0,depth=1
feature=0,threshold=104,left=3,right=4
id=3,leaf=0,depth=2
feature=0,threshold=100.5,left=7,right=8
id=7,leaf=0,depth=3
feature=15,threshold=5e-05,left=15,right=16
id=15,leaf=1,depth=4
h=0,probs={3:1}
id=16,leaf=1,depth=4
h=0,probs={1:1}
id=8,leaf=1,depth=3
h=0,probs={1:1}
id=4,leaf=0,depth=2
feature=17,threshold=0.00657085,left=9,right=10
id=9,leaf=0,depth=3
feature=18,threshold=0.000765,left=19,right=20
id=19,leaf=1,depth=4
h=0,probs={3:1}
id=20,leaf=0,depth=4
feature=25,threshold=2.16446e-05,left=41,right=42
id=41,leaf=0,depth=5
feature=11,threshold=2.92609e+06,left=83,right=84
id=83,leaf=1,depth=6
h=0,probs={1:1}
id=84,leaf=1,depth=6
h=0,probs={3:1}
id=42,leaf=1,depth=5
h=0,probs={3:1}
id=10,leaf=0,depth=3
feature=2,threshold=0.00163215,left=21,right=22
id=21,leaf=0,depth=4
feature=24,threshold=0.0406245,left=43,right=44
id=43,leaf=1,depth=5
h=0,probs={1:1}
id=44,leaf=1,depth=5
h=0,probs={3:1}
id=22,leaf=0,depth=4
feature=25,threshold=0.00344767,left=45,right=46
id=45,leaf=0,depth=5
feature=25,threshold=0.00214285,left=91,right=92
id=91,leaf=1,depth=6
h=0,probs={3:1}
id=92,leaf=1,depth=6
h=0,probs={1:1}
id=46,leaf=1,depth=5
h=0,probs={3:1}
id=2,leaf=0,depth=1
feature=5,threshold=490.77,left=5,right=6
id=5,leaf=0,depth=2
feature=4,threshold=375,left=11,right=12
id=11,leaf=0,depth=3
feature=8,threshold=12.3011,left=23,right=24
id=23,leaf=0,depth=4
feature=4,threshold=121.5,left=47,right=48
id=47,leaf=1,depth=5
h=0,probs={3:1}
id=48,leaf=1,depth=5
h=0,probs={2:1}
id=24,leaf=1,depth=4
h=0,probs={3:1}
id=12,leaf=1,depth=3
h=0,probs={3:1}
id=6,leaf=0,depth=2
feature=8,threshold=-5.89974,left=13,right=14
id=13,leaf=1,depth=3
h=0,probs={3:1}
id=14,leaf=0,depth=3
feature=10,threshold=-0.000695269,left=29,right=30
id=29,leaf=1,depth=4
h=0,probs={1:1}
id=30,leaf=0,depth=4
feature=13,threshold=602761,left=61,right=62
id=61,leaf=1,depth=5
h=0,probs={1:1}
id=62,leaf=1,depth=5
h=0,probs={3:1}

max_depth=18446744073709551615,min_samples_leaf=1,min_samples_split=2,seed=3487411360,criterion=gini,max_features=sqrt,root_id=0
id=0,leaf=0,depth=0
feature=18,threshold=0.000805,left=1,right=2
id=1,leaf=0,depth=1
feature=0,threshold=104,left=3,right=4
id=3,leaf=0,depth=2
feature=0,threshold=100.5,left=7,right=8
id=7,leaf=0,depth=3
feature=15,threshold=5e-05,left=15,right=16
id=15,leaf=1,depth=4
h=0,probs={3:1}
id=16,leaf=1,depth=4
h=0,probs={1:1}
id=8,leaf=1,depth=3
h=0,probs={1:1}
id=4,leaf=0,depth=2
feature=17,threshold=0.00657085,left=9,right=10
id=9,leaf=0,depth=3
feature=18,threshold=0.000765,left=19,right=20
id=19,leaf=1,depth=4
h=0,probs={3:1}
id=20,leaf=0,depth=4
feature=25,threshold=2.16446e-05,left=41,right=42
id=41,leaf=0,depth=5
feature=11,threshold=2.92609e+06,left=83,right=84
id=83,leaf=1,depth=6
h=0,probs={1:1}
id=84,leaf=1,depth=6
h=0,probs={3:1}
id=42,leaf=1,depth=5
h=0,probs={3:1}
id=10,leaf=0,depth=3
feature=2,threshold=0.00163215,left=21,right=22
id=21,leaf=0,depth=4
feature=24,threshold=0.0406245,left=43,right=44
id=43,leaf=1,depth=5
h=0,probs={1:1}
id=44,leaf=1,depth=5
h=0,probs={3:1}
id=22,leaf=0,depth=4
feature=25,threshold=0.00344767,left=45,right=46
id=45,leaf=0,depth=5
feature=25,threshold=0.00214285,left=91,right=92
id=91,leaf=1,depth=6
h=0,probs={3:1}
id=92,leaf=1,depth=6
h=0,probs={1:1}
id=46,leaf=1,depth=5
h=0,probs={3:1}
id=2,leaf=0,depth=1
feature=5,threshold=490.77,left=5,right=6
id=5,leaf=0,depth=2
feature=4,threshold=375,left=11,right=12
id=11,leaf=0,depth=3
feature=8,threshold=12.3011,left=23,right=24
id=23,leaf=0,depth=4
feature=4,threshold=121.5,left=47,right=48
id=47,leaf=1,depth=5
h=0,probs={3:1}
id=48,leaf=1,depth=5
h=0,probs={2:1}
id=24,leaf=1,depth=4
h=0,probs={3:1}
id=12,leaf=1,depth=3
h=0,probs={3:1}
id=6,leaf=0,depth=2
feature=8,threshold=-5.89974,left=13,right=14
id=13,leaf=1,depth=3
h=0,probs={3:1}
id=14,leaf=0,depth=3
feature=10,threshold=-0.000695269,left=29,right=30
id=29,leaf=1,depth=4
h=0,probs={1:1}
id=30,leaf=0,depth=4
feature=13,threshold=602761,left=61,right=62
id=61,leaf=1,depth=5
h=0,probs={1:1}
id=62,leaf=1,depth=5
h=0,probs={3:1}

max_depth=18446744073709551615,min_samples_leaf=1,min_samples_split=2,seed=3487411360,criterion=gini,max_features=sqrt,root_id=0
id=0,leaf=0,depth=0
feature=18,threshold=0.000805,left=1,right=2
id=1,leaf=0,depth=1
feature=0,threshold=104,left=3,right=4
id=3,leaf=0,depth=2
feature=0,threshold=100.5,left=7,right=8
id=7,leaf=0,depth=3
feature=15,threshold=5e-05,left=15,right=16
id=15,leaf=1,depth=4
h=0,probs={3:1}
id=16,leaf=1,depth=4
h=0,probs={1:1}
id=8,leaf=1,depth=3
h=0,probs={1:1}
id=4,leaf=0,depth=2
feature=17,threshold=0.00657085,left=9,right=10
id=9,leaf=0,depth=3
feature=18,threshold=0.000765,left=19,right=20
id=19,leaf=1,depth=4
h=0,probs={3:1}
id=20,leaf=0,depth=4
feature=25,threshold=2.16446e-05,left=41,right=42
id=41,leaf=0,depth=5
feature=11,threshold=2.92609e+06,left=83,right=84
id=83,leaf=1,depth=6
h=0,probs={1:1}
id=84,leaf=1,depth=6
h=0,probs={3:1}
id=42,leaf=1,depth=5
h=0,probs={3:1}
id=10,leaf=0,depth=3
feature=2,threshold=0.00163215,left=21,right=22
id=21,leaf=0,depth=4
feature=24,threshold=0.0406245,left=43,right=44
id=43,leaf=1,depth=5
h=0,probs={1:1}
id=44,leaf=1,depth=5
h=0,probs={3:1}
id=22,leaf=0,depth=4
feature=25,threshold=0.00344767,left=45,right=46
id=45,leaf=0,depth=5
feature=25,threshold=0.00214285,left=91,right=92
id=91,leaf=1,depth=6
h=0,probs={3:1}
id=92,leaf=1,depth=6
h=0,probs={1:1}
id=46,leaf=1,depth=5
h=0,probs={3:1}
id=2,leaf=0,depth=1
feature=5,threshold=490.77,left=5,right=6
id=5,leaf=0,depth=2
feature=4,threshold=375,left=11,right=12
id=11,leaf=0,depth=3
feature=8,threshold=12.3011,left=23,right=24
id=23,leaf=0,depth=4
feature=4,threshold=121.5,left=47,right=48
id=47,leaf=1,depth=5
h=0,probs={3:1}
id=48,leaf=1,depth=5
h=0,probs={2:1}
id=24,leaf=1,depth=4
h=0,probs={3:1}
id=12,leaf=1,depth=3
h=0,probs={3:1}
id=6,leaf=0,depth=2
feature=8,threshold=-5.89974,left=13,right=14
id=13,leaf=1,depth=3
h=0,probs={3:1}
id=14,leaf=0,depth=3
feature=10,threshold=-0.000695269,left=29,right=30
id=29,leaf=1,depth=4
h=0,probs={1:1}
id=30,leaf=0,depth=4
feature=13,threshold=602761,left=61,right=62
id=61,leaf=1,depth=5
h=0,probs={1:1}
id=62,leaf=1,depth=5
h=0,probs={3:1}

max_depth=18446744073709551615,min_samples_leaf=1,min_samples_split=2,seed=3487411360,criterion=gini,max_features=sqrt,root_id=0
id=0,leaf=0,depth=0
feature=18,threshold=0.000805,left=1,right=2
id=1,leaf=0,depth=1
feature=0,threshold=104,left=3,right=4
id=3,leaf=0,depth=2
feature=0,threshold=100.5,left=7,right=8
id=7,leaf=0,depth=3
feature=15,threshold=5e-05,left=15,right=16
id=15,leaf=1,depth=4
h=0,probs={3:1}
id=16,leaf=1,depth=4
h=0,probs={1:1}
id=8,leaf=1,depth=3
h=0,probs={1:1}
id=4,leaf=0,depth=2
feature=17,threshold=0.00657085,left=9,right=10
id=9,leaf=0,depth=3
feature=18,threshold=0.000765,left=19,right=20
id=19,leaf=1,depth=4
h=0,probs={3:1}
id=20,leaf=0,depth=4
feature=25,threshold=2.16446e-05,left=41,right=42
id=41,leaf=0,depth=5
feature=11,threshold=2.92609e+06,left=83,right=84
id=83,leaf=1,depth=6
h=0,probs={1:1}
id=84,leaf=1,depth=6
h=0,probs={3:1}
id=42,leaf=1,depth=5
h=0,probs={3:1}
id=10,leaf=0,depth=3
feature=2,threshold=0.00163215,left=21,right=22
id=21,leaf=0,depth=4
feature=24,threshold=0.0406245,left=43,right=44
id=43,leaf=1,depth=5
h=0,probs={1:1}
id=44,leaf=1,depth=5
h=0,probs={3:1}
id=22,leaf=0,depth=4
feature=25,threshold=0.00344767,left=45,right=46
id=45,leaf=0,depth=5
feature=25,threshold=0.00214285,left=91,right=92
id=91,leaf=1,depth=6
h=0,probs={3:1}
id=92,leaf=1,depth=6
h=0,probs={1:1}
id=46,leaf=1,depth=5
h=0,probs={3:1}
id=2,leaf=0,depth=1
feature=5,threshold=490.77,left=5,right=6
id=5,leaf=0,depth=2
feature=4,threshold=375,left=11,right=12
id=11,leaf=0,depth=3
feature=8,threshold=12.3011,left=23,right=24
id=23,leaf=0,depth=4
feature=4,threshold=121.5,left=47,right=48
id=47,leaf=1,depth=5
h=0,probs={3:1}
id=48,leaf=1,depth=5
h=0,probs={2:1}
id=24,leaf=1,depth=4
h=0,probs={3:1}
id=12,leaf=1,depth=3
h=0,probs={3:1}
id=6,leaf=0,depth=2
feature=8,threshold=-5.89974,left=13,right=14
id=13,leaf=1,depth=3
h=0,probs={3:1}
id=14,leaf=0,depth=3
feature=10,threshold=-0.000695269,left=29,right=30
id=29,leaf=1,depth=4
h=0,probs={1:1}
id=30,leaf=0,depth=4
feature=13,threshold=602761,left=61,right=62
id=61,leaf=1,depth=5
h=0,probs={1:1}
id=62,leaf=1,depth=5
h=0,probs={3:1}

max_depth=18446744073709551615,min_samples_leaf=1,min_samples_split=2,seed=3487411360,criterion=gini,max_features=sqrt,root_id=0
id=0,leaf=0,depth=0
feature=18,threshold=0.000805,left=1,right=2
id=1,leaf=0,depth=1
feature=0,threshold=104,left=3,right=4
id=3,leaf=0,depth=2
feature=0,threshold=100.5,left=7,right=8
id=7,leaf=0,depth=3
feature=15,threshold=5e-05,left=15,right=16
id=15,leaf=1,depth=4
h=0,probs={3:1}
id=16,leaf=1,depth=4
h=0,probs={1:1}
id=8,leaf=1,depth=3
h=0,probs={1:1}
id=4,leaf=0,depth=2
feature=17,threshold=0.00657085,left=9,right=10
id=9,leaf=0,depth=3
feature=18,threshold=0.000765,left=19,right=20
id=19,leaf=1,depth=4
h=0,probs={3:1}
id=20,leaf=0,depth=4
feature=25,threshold=2.16446e-05,left=41,right=42
id=41,leaf=0,depth=5
feature=11,threshold=2.92609e+06,left=83,right=84
id=83,leaf=1,depth=6
h=0,probs={1:1}
id=84,leaf=1,depth=6
h=0,probs={3:1}
id=42,leaf=1,depth=5
h=0,probs={3:1}
id=10,leaf=0,depth=3
feature=2,threshold=0.00163215,left=21,right=22
id=21,leaf=0,depth=4
feature=24,threshold=0.0406245,left=43,right=44
id=43,leaf=1,depth=5
h=0,probs={1:1}
id=44,leaf=1,depth=5
h=0,probs={3:1}
id=22,leaf=0,depth=4
feature=25,threshold=0.00344767,left=45,right=46
id=45,leaf=0,depth=5
feature=25,threshold=0.00214285,left=91,right=92
id=91,leaf=1,depth=6
h=0,probs={3:1}
id=92,leaf=1,depth=6
h=0,probs={1:1}
id=46,leaf=1,depth=5
h=0,probs={3:1}
id=2,leaf=0,depth=1
feature=5,threshold=490.77,left=5,right=6
id=5,leaf=0,depth=2
feature=4,threshold=375,left=11,right=12
id=11,leaf=0,depth=3
feature=8,threshold=12.3011,left=23,right=24
id=23,leaf=0,depth=4
feature=4,threshold=121.5,left=47,right=48
id=47,leaf=1,depth=5
h=0,probs={3:1}
id=48,leaf=1,depth=5
h=0,probs={2:1}
id=24,leaf=1,depth=4
h=0,probs={3:1}
id=12,leaf=1,depth=3
h=0,probs={3:1}
id=6,leaf=0,depth=2
feature=8,threshold=-5.89974,left=13,right=14
id=13,leaf=1,depth=3
h=0,probs={3:1}
id=14,leaf=0,depth=3
feature=10,threshold=-0.000695269,left=29,right=30
id=29,leaf=1,depth=4
h=0,probs={1:1}
id=30,leaf=0,depth=4
feature=13,threshold=602761,left=61,right=62
id=61,leaf=1,depth=5
h=0,probs={1:1}
id=62,leaf=1,depth=5
h=0,probs={3:1}

max_depth=18446744073709551615,min_samples_leaf=1,min_samples_split=2,seed=3487411360,criterion=gini,max_features=sqrt,root_id=0
id=0,leaf=0,depth=0
feature=18,threshold=0.000805,left=1,right=2
id=1,leaf=0,depth=1
feature=0,threshold=104,left=3,right=4
id=3,leaf=0,depth=2
feature=0,threshold=100.5,left=7,right=8
id=7,leaf=0,depth=3
feature=15,threshold=5e-05,left=15,right=16
id=15,leaf=1,depth=4
h=0,probs={3:1}
id=16,leaf=1,depth=4
h=0,probs={1:1}
id=8,leaf=1,depth=3
h=0,probs={1:1}
id=4,leaf=0,depth=2
feature=17,threshold=0.00657085,left=9,right=10
id=9,leaf=0,depth=3
feature=18,threshold=0.000765,left=19,right=20
id=19,leaf=1,depth=4
h=0,probs={3:1}
id=20,leaf=0,depth=4
feature=25,threshold=2.16446e-05,left=41,right=42
id=41,leaf=0,depth=5
feature=11,threshold=2.92609e+06,left=83,right=84
id=83,leaf=1,depth=6
h=0,probs={1:1}
id=84,leaf=1,depth=6
h=0,probs={3:1}
id=42,leaf=1,depth=5
h=0,probs={3:1}
id=10,leaf=0,depth=3
feature=2,threshold=0.00163215,left=21,right=22
id=21,leaf=0,depth=4
feature=24,threshold=0.0406245,left=43,right=44
id=43,leaf=1,depth=5
h=0,probs={1:1}
id=44,leaf=1,depth=5
h=0,probs={3:1}
id=22,leaf=0,depth=4
feature=25,threshold=0.00344767,left=45,right=46
id=45,leaf=0,depth=5
feature=25,threshold=0.00214285,left=91,right=92
id=91,leaf=1,depth=6
h=0,probs={3:1}
id=92,leaf=1,depth=6
h=0,probs={1:1}
id=46,leaf=1,depth=5
h=0,probs={3:1}
id=2,leaf=0,depth=1
feature=5,threshold=490.77,left=5,right=6
id=5,leaf=0,depth=2
feature=4,threshold=375,left=11,right=12
id=11,leaf=0,depth=3
feature=8,threshold=12.3011,left=23,right=24
id=23,leaf=0,depth=4
feature=4,threshold=121.5,left=47,right=48
id=47,leaf=1,depth=5
h=0,probs={3:1}
id=48,leaf=1,depth=5
h=0,probs={2:1}
id=24,leaf=1,depth=4
h=0,probs={3:1}
id=12,leaf=1,depth=3
h=0,probs={3:1}
id=6,leaf=0,depth=2
feature=8,threshold=-5.89974,left=13,right=14
id=13,leaf=1,depth=3
h=0,probs={3:1}
id=14,leaf=0,depth=3
feature=10,threshold=-0.000695269,left=29,right=30
id=29,leaf=1,depth=4
h=0,probs={1:1}
id=30,leaf=0,depth=4
feature=13,threshold=602761,left=61,right=62
id=61,leaf=1,depth=5
h=0,probs={1:1}
id=62,leaf=1,depth=5
h=0,probs={3:1}

max_depth=18446744073709551615,min_samples_leaf=1,min_samples_split=2,seed=3487411360,criterion=gini,max_features=sqrt,root_id=0
id=0,leaf=0,depth=0
feature=18,threshold=0.000805,left=1,right=2
id=1,leaf=0,depth=1
feature=0,threshold=104,left=3,right=4
id=3,leaf=0,depth=2
feature=0,threshold=100.5,left=7,right=8
id=7,leaf=0,depth=3
feature=15,threshold=5e-05,left=15,right=16
id=15,leaf=1,depth=4
h=0,probs={3:1}
id=16,leaf=1,depth=4
h=0,probs={1:1}
id=8,leaf=1,depth=3
h=0,probs={1:1}
id=4,leaf=0,depth=2
feature=17,threshold=0.00657085,left=9,right=10
id=9,leaf=0,depth=3
feature=18,threshold=0.000765,left=19,right=20
id=19,leaf=1,depth=4
h=0,probs={3:1}
id=20,leaf=0,depth=4
feature=25,threshold=2.16446e-05,left=41,right=42
id=41,leaf=0,depth=5
feature=11,threshold=2.92609e+06,left=83,right=84
id=83,leaf=1,depth=6
h=0,probs={1:1}
id=84,leaf=1,depth=6
h=0,probs={3:1}
id=42,leaf=1,depth=5
h=0,probs={3:1}
id=10,leaf=0,depth=3
feature=2,threshold=0.00163215,left=21,right=22
id=21,leaf=0,depth=4
feature=24,threshold=0.0406245,left=43,right=44
id=43,leaf=1,depth=5
h=0,probs={1:1}
id=44,leaf=1,depth=5
h=0,probs={3:1}
id=22,leaf=0,depth=4
feature=25,threshold=0.00344767,left=45,right=46
id=45,leaf=0,depth=5
feature=25,threshold=0.00214285,left=91,right=92
id=91,leaf=1,depth=6
h=0,probs={3:1}
id=92,leaf=1,depth=6
h=0,probs={1:1}
id=46,leaf=1,depth=5
h=0,probs={3:1}
id=2,leaf=0,depth=1
feature=5,threshold=490.77,left=5,right=6
id=5,leaf=0,depth=2
feature=4,threshold=375,left=11,right=12
id=11,leaf=0,depth=3
feature=8,threshold=12.3011,left=23,right=24
id=23,leaf=0,depth=4
feature=4,threshold=121.5,left=47,right=48
id=47,leaf=1,depth=5
h=0,probs={3:1}
id=48,leaf=1,depth=5
h=0,probs={2:1}
id=24,leaf=1,depth=4
h=0,probs={3:1}
id=12,leaf=1,depth=3
h=0,probs={3:1}
id=6,leaf=0,depth=2
feature=8,threshold=-5.89974,left=13,right=14
id=13,leaf=1,depth=3
h=0,probs={3:1}
id=14,leaf=0,depth=3
feature=10,threshold=-0.000695269,left=29,right=30
id=29,leaf=1,depth=4
h=0,probs={1:1}
id=30,leaf=0,depth=4
feature=13,threshold=602761,left=61,right=62
id=61,leaf=1,depth=5
h=0,probs={1:1}
id=62,leaf=1,depth=5
h=0,probs={3:1}

max_depth=18446744073709551615,min_samples_leaf=1,min_samples_split=2,seed=3487411360,criterion=gini,max_features=sqrt,root_id=0
id=0,leaf=0,depth=0
feature=18,threshold=0.000805,left=1,right=2
id=1,leaf=0,depth=1
feature=0,threshold=104,left=3,right=4
id=3,leaf=0,depth=2
feature=0,threshold=100.5,left=7,right=8
id=7,leaf=0,depth=3
feature=15,threshold=5e-05,left=15,right=16
id=15,leaf=1,depth=4
h=0,probs={3:1}
id=16,leaf=1,depth=4
h=0,probs={1:1}
id=8,leaf=1,depth=3
h=0,probs={1:1}
id=4,leaf=0,depth=2
feature=17,threshold=0.00657085,left=9,right=10
id=9,leaf=0,depth=3
feature=18,threshold=0.000765,left=19,right=20
id=19,leaf=1,depth=4
h=0,probs={3:1}
id=20,leaf=0,depth=4
feature=25,threshold=2.16446e-05,left=41,right=42
id=41,leaf=0,depth=5
feature=11,threshold=2.92609e+06,left=83,right=84
id=83,leaf=1,depth=6
h=0,probs={1:1}
id=84,leaf=1,depth=6
h=0,probs={3:1}
id=42,leaf=1,depth=5
h=0,probs={3:1}
id=10,leaf=0,depth=3
feature=2,threshold=0.00163215,left=21,right=22
id=21,leaf=0,depth=4
feature=24,threshold=0.0406245,left=43,right=44
id=43,leaf=1,depth=5
h=0,probs={1:1}
id=44,leaf=1,depth=5
h=0,probs={3:1}
id=22,leaf=0,depth=4
feature=25,threshold=0.00344767,left=45,right=46
id=45,leaf=0,depth=5
feature=25,threshold=0.00214285,left=91,right=92
id=91,leaf=1,depth=6
h=0,probs={3:1}
id=92,leaf=1,depth=6
h=0,probs={1:1}
id=46,leaf=1,depth=5
h=0,probs={3:1}
id=2,leaf=0,depth=1
feature=5,threshold=490.77,left=5,right=6
id=5,leaf=0,depth=2
feature=4,threshold=375,left=11,right=12
id=11,leaf=0,depth=3
feature=8,threshold=12.3011,left=23,right=24
id=23,leaf=0,depth=4
feature=4,threshold=121.5,left=47,right=48
id=47,leaf=1,depth=5
h=0,probs={3:1}
id=48,leaf=1,depth=5
h=0,probs={2:1}
id=24,leaf=1,depth=4
h=0,probs={3:1}
id=12,leaf=1,depth=3
h=0,probs={3:1}
id=6,leaf=0,depth=2
feature=8,threshold=-5.89974,left=13,right=14
id=13,leaf=1,depth=3
h=0,probs={3:1}
id=14,leaf=0,depth=3
feature=10,threshold=-0.000695269,left=29,right=30
id=29,leaf=1,depth=4
h=0,probs={1:1}
id=30,leaf=0,depth=4
feature=13,threshold=602761,left=61,right=62
id=61,leaf=1,depth=5
h=0,probs={1:1}
id=62,leaf=1,depth=5
h=0,probs={3:1}

max_depth=18446744073709551615,min_samples_leaf=1,min_samples_split=2,seed=3487411360,criterion=gini,max_features=sqrt,root_id=0
id=0,leaf=0,depth=0
feature=18,threshold=0.000805,left=1,right=2
id=1,leaf=0,depth=1
feature=0,threshold=104,left=3,right=4
id=3,leaf=0,depth=2
feature=0,threshold=100.5,left=7,right=8
id=7,leaf=0,depth=3
feature=15,threshold=5e-05,left=15,right=16
id=15,leaf=1,depth=4
h=0,probs={3:1}
id=16,leaf=1,depth=4
h=0,probs={1:1}
id=8,leaf=1,depth=3
h=0,probs={1:1}
id=4,leaf=0,depth=2
feature=17,threshold=0.00657085,left=9,right=10
id=9,leaf=0,depth=3
feature=18,threshold=0.000765,left=19,right=20
id=19,leaf=1,depth=4
h=0,probs={3:1}
id=20,leaf=0,depth=4
feature=25,threshold=2.16446e-05,left=41,right=42
id=41,leaf=0,depth=5
feature=11,threshold=2.92609e+06,left=83,right=84
id=83,leaf=1,depth=6
h=0,probs={1:1}
id=84,leaf=1,depth=6
h=0,probs={3:1}
id=42,leaf=1,depth=5
h=0,probs={3:1}
id=10,leaf=0,depth=3
feature=2,threshold=0.00163215,left=21,right=22
id=21,leaf=0,depth=4
feature=24,threshold=0.0406245,left=43,right=44
id=43,leaf=1,depth=5
h=0,probs={1:1}
id=44,leaf=1,depth=5
h=0,probs={3:1}
id=22,leaf=0,depth=4
feature=25,threshold=0.00344767,left=45,right=46
id=45,leaf=0,depth=5
feature=25,threshold=0.00214285,left=91,right=92
id=91,leaf=1,depth=6
h=0,probs={3:1}
id=92,leaf=1,depth=6
h=0,probs={1:1}
id=46,leaf=1,depth=5
h=0,probs={3:1}
id=2,leaf=0,depth=1
feature=5,threshold=490.77,left=5,right=6
id=5,leaf=0,depth=2
feature=4,threshold=375,left=11,right=12
id=11,leaf=0,depth=3
feature=8,threshold=12.3011,left=23,right=24
id=23,leaf=0,depth=4
feature=4,threshold=121.5,left=47,right=48
id=47,leaf=1,depth=5
h=0,probs={3:1}
id=48,leaf=1,depth=5
h=0,probs={2:1}
id=24,leaf=1,depth=4
h=0,probs={3:1}
id=12,leaf=1,depth=3
h=0,probs={3:1}
id=6,leaf=0,depth=2
feature=8,threshold=-5.89974,left=13,right=14
id=13,leaf=1,depth=3
h=0,probs={3:1}
id=14,leaf=0,depth=3
feature=10,threshold=-0.000695269,left=29,right=30
id=29,leaf=1,depth=4
h=0,probs={1:1}
id=30,leaf=0,depth=4
feature=13,threshold=602761,left=61,right=62
id=61,leaf=1,depth=5
h=0,probs={1:1}
id=62,leaf=1,depth=5
h=0,probs={3:1}

max_depth=18446744073709551615,min_samples_leaf=1,min_samples_split=2,seed=3487411360,criterion=gini,max_features=sqrt,root_id=0
id=0,leaf=0,depth=0
feature=18,threshold=0.000805,left=1,right=2
id=1,leaf=0,depth=1
feature=0,threshold=104,left=3,right=4
id=3,leaf=0,depth=2
feature=0,threshold=100.5,left=7,right=8
id=7,leaf=0,depth=3
feature=15,threshold=5e-05,left=15,right=16
id=15,leaf=1,depth=4
h=0,probs={3:1}
id=16,leaf=1,depth=4
h=0,probs={1:1}
id=8,leaf=1,depth=3
h=0,probs={1:1}
id=4,leaf=0,depth=2
feature=17,threshold=0.00657085,left=9,right=10
id=9,leaf=0,depth=3
feature=18,threshold=0.000765,left=19,right=20
id=19,leaf=1,depth=4
h=0,probs={3:1}
id=20,leaf=0,depth=4
feature=25,threshold=2.16446e-05,left=41,right=42
id=41,leaf=0,depth=5
feature=11,threshold=2.92609e+06,left=83,right=84
id=83,leaf=1,depth=6
h=0,probs={1:1}
id=84,leaf=1,depth=6
h=0,probs={3:1}
id=42,leaf=1,depth=5
h=0,probs={3:1}
id=10,leaf=0,depth=3
feature=2,threshold=0.00163215,left=21,right=22
id=21,leaf=0,depth=4
feature=24,threshold=0.0406245,left=43,right=44
id=43,leaf=1,depth=5
h=0,probs={1:1}
id=44,leaf=1,depth=5
h=0,probs={3:1}
id=22,leaf=0,depth=4
feature=25,threshold=0.00344767,left=45,right=46
id=45,leaf=0,depth=5
feature=25,threshold=0.00214285,left=91,right=92
id=91,leaf=1,depth=6
h=0,probs={3:1}
id=92,leaf=1,depth=6
h=0,probs={1:1}
id=46,leaf=1,depth=5
h=0,probs={3:1}
id=2,leaf=0,depth=1
feature=5,threshold=490.77,left=5,right=6
id=5,leaf=0,depth=2
feature=4,threshold=375,left=11,right=12
id=11,leaf=0,depth=3
feature=8,threshold=12.3011,left=23,right=24
id=23,leaf=0,depth=4
feature=4,threshold=121.5,left=47,right=48
id=47,leaf=1,depth=5
h=0,probs={3:1}
id=48,leaf=1,depth=5
h=0,probs={2:1}
id=24,leaf=1,depth=4
h=0,probs={3:1}
id=12,leaf=1,depth=3
h=0,probs={3:1}
id=6,leaf=0,depth=2
feature=8,threshold=-5.89974,left=13,right=14
id=13,leaf=1,depth=3
h=0,probs={3:1}
id=14,leaf=0,depth=3
feature=10,threshold=-0.000695269,left=29,right=30
id=29,leaf=1,depth=4
h=0,probs={1:1}
id=30,leaf=0,depth=4
feature=13,threshold=602761,left=61,right=62
id=61,leaf=1,depth=5
h=0,probs={1:1}
id=62,leaf=1,depth=5
h=0,probs={3:1}

max_depth=18446744073709551615,min_samples_leaf=1,min_samples_split=2,seed=3487411360,criterion=gini,max_features=sqrt,root_id=0
id=0,leaf=0,depth=0
feature=18,threshold=0.000805,left=1,right=2
id=1,leaf=0,depth=1
feature=0,threshold=104,left=3,right=4
id=3,leaf=0,depth=2
feature=0,threshold=100.5,left=7,right=8
id=7,leaf=0,depth=3
feature=15,threshold=5e-05,left=15,right=16
id=15,leaf=1,depth=4
h=0,probs={3:1}
id=16,leaf=1,depth=4
h=0,probs={1:1}
id=8,leaf=1,depth=3
h=0,probs={1:1}
id=4,leaf=0,depth=2
feature=17,threshold=0.00657085,left=9,right=10
id=9,leaf=0,depth=3
feature=18,threshold=0.000765,left=19,right=20
id=19,leaf=1,depth=4
h=0,probs={3:1}
id=20,leaf=0,depth=4
feature=25,threshold=2.16446e-05,left=41,right=42
id=41,leaf=0,depth=5
feature=11,threshold=2.92609e+06,left=83,right=84
id=83,leaf=1,depth=6
h=0,probs={1:1}
id=84,leaf=1,depth=6
h=0,probs={3:1}
id=42,leaf=1,depth=5
h=0,probs={3:1}
id=10,leaf=0,depth=3
feature=2,threshold=0.00163215,left=21,right=22
id=21,leaf=0,depth=4
feature=24,threshold=0.0406245,left=43,right=44
id=43,leaf=1,depth=5
h=0,probs={1:1}
id=44,leaf=1,depth=5
h=0,probs={3:1}
id=22,leaf=0,depth=4
feature=25,threshold=0.00344767,left=45,right=46
id=45,leaf=0,depth=5
feature=25,threshold=0.00214285,left=91,right=92
id=91,leaf=1,depth=6
h=0,probs={3:1}
id=92,leaf=1,depth=6
h=0,probs={1:1}
id=46,leaf=1,depth=5
h=0,probs={3:1}
id=2,leaf=0,depth=1
feature=5,threshold=490.77,left=5,right=6
id=5,leaf=0,depth=2
feature=4,threshold=375,left=11,right=12
id=11,leaf=0,depth=3
feature=8,threshold=12.3011,left=23,right=24
id=23,leaf=0,depth=4
feature=4,threshold=121.5,left=47,right=48
id=47,leaf=1,depth=5
h=0,probs={3:1}
id=48,leaf=1,depth=5
h=0,probs={2:1}
id=24,leaf=1,depth=4
h=0,probs={3:1}
id=12,leaf=1,depth=3
h=0,probs={3:1}
id=6,leaf=0,depth=2
feature=8,threshold=-5.89974,left=13,right=14
id=13,leaf=1,depth=3
h=0,probs={3:1}
id=14,leaf=0,depth=3
feature=10,threshold=-0.000695269,left=29,right=30
id=29,leaf=1,depth=4
h=0,probs={1:1}
id=30,leaf=0,depth=4
feature=13,threshold=602761,left=61,right=62
id=61,leaf=1,depth=5
h=0,probs={1:1}
id=62,leaf=1,depth=5
h=0,probs={3:1}

max_depth=18446744073709551615,min_samples_leaf=1,min_samples_split=2,seed=3487411360,criterion=gini,max_features=sqrt,root_id=0
id=0,leaf=0,depth=0
feature=18,threshold=0.000805,left=1,right=2
id=1,leaf=0,depth=1
feature=0,threshold=104,left=3,right=4
id=3,leaf=0,depth=2
feature=0,threshold=100.5,left=7,right=8
id=7,leaf=0,depth=3
feature=15,threshold=5e-05,left=15,right=16
id=15,leaf=1,depth=4
h=0,probs={3:1}
id=16,leaf=1,depth=4
h=0,probs={1:1}
id=8,leaf=1,depth=3
h=0,probs={1:1}
id=4,leaf=0,depth=2
feature=17,threshold=0.00657085,left=9,right=10
id=9,leaf=0,depth=3
feature=18,threshold=0.000765,left=19,right=20
id=19,leaf=1,depth=4
h=0,probs={3:1}
id=20,leaf=0,depth=4
feature=25,threshold=2.16446e-05,left=41,right=42
id=41,leaf=0,depth=5
feature=11,threshold=2.92609e+06,left=83,right=84
id=83,leaf=1,depth=6
h=0,probs={1:1}
id=84,leaf=1,depth=6
h=0,probs={3:1}
id=42,leaf=1,depth=5
h=0,probs={3:1}
id=10,leaf=0,depth=3
feature=2,threshold=0.00163215,left=21,right=22
id=21,leaf=0,depth=4
feature=24,threshold=0.0406245,left=43,right=44
id=43,leaf=1,depth=5
h=0,probs={1:1}
id=44,leaf=1,depth=5
h=0,probs={3:1}
id=22,leaf=0,depth=4
feature=25,threshold=0.00344767,left=45,right=46
id=45,leaf=0,depth=5
feature=25,threshold=0.00214285,left=91,right=92
id=91,leaf=1,depth=6
h=0,probs={3:1}
id=92,leaf=1,depth=6
h=0,probs={1:1}
id=46,leaf=1,depth=5
h=0,probs={3:1}
id=2,leaf=0,depth=1
feature=5,threshold=490.77,left=5,right=6
id=5,leaf=0,depth=2
feature=4,threshold=375,left=11,right=12
id=11,leaf=0,depth=3
feature=8,threshold=12.3011,left=23,right=24
id=23,leaf=0,depth=4
feature=4,threshold=121.5,left=47,right=48
id=47,leaf=1,depth=5
h=0,probs={3:1}
id=48,leaf=1,depth=5
h=0,probs={2:1}
id=24,leaf=1,depth=4
h=0,probs={3:1}
id=12,leaf=1,depth=3
h=0,probs={3:1}
id=6,leaf=0,depth=2
feature=8,threshold=-5.89974,left=13,right=14
id=13,leaf=1,depth=3
h=0,probs={3:1}
id=14,leaf=0,depth=3
feature=10,threshold=-0.000695269,left=29,right=30
id=29,leaf=1,depth=4
h=0,probs={1:1}
id=30,leaf=0,depth=4
feature=13,threshold=602761,left=61,right=62
id=61,leaf=1,depth=5
h=0,probs={1:1}
id=62,leaf=1,depth=5
h=0,probs={3:1}

max_depth=18446744073709551615,min_samples_leaf=1,min_samples_split=2,seed=3487411360,criterion=gini,max_features=sqrt,root_id=0
id=0,leaf=0,depth=0
feature=18,threshold=0.000805,left=1,right=2
id=1,leaf=0,depth=1
feature=0,threshold=104,left=3,right=4
id=3,leaf=0,depth=2
feature=0,threshold=100.5,left=7,right=8
id=7,leaf=0,depth=3
feature=15,threshold=5e-05,left=15,right=16
id=15,leaf=1,depth=4
h=0,probs={3:1}
id=16,leaf=1,depth=4
h=0,probs={1:1}
id=8,leaf=1,depth=3
h=0,probs={1:1}
id=4,leaf=0,depth=2
feature=17,threshold=0.00657085,left=9,right=10
id=9,leaf=0,depth=3
feature=18,threshold=0.000765,left=19,right=20
id=19,leaf=1,depth=4
h=0,probs={3:1}
id=20,leaf=0,depth=4
feature=25,threshold=2.16446e-05,left=41,right=42
id=41,leaf=0,depth=5
feature=11,threshold=2.92609e+06,left=83,right=84
id=83,leaf=1,depth=6
h=0,probs={1:1}
id=84,leaf=1,depth=6
h=0,probs={3:1}
id=42,leaf=1,depth=5
h=0,probs={3:1}
id=10,leaf=0,depth=3
feature=2,threshold=0.00163215,left=21,right=22
id=21,leaf=0,depth=4
feature=24,threshold=0.0406245,left=43,right=44
id=43,leaf=1,depth=5
h=0,probs={1:1}
id=44,leaf=1,depth=5
h=0,probs={3:1}
id=22,leaf=0,depth=4
feature=25,threshold=0.00344767,left=45,right=46
id=45,leaf=0,depth=5
feature=25,threshold=0.00214285,left=91,right=92
id=91,leaf=1,depth=6
h=0,probs={3:1}
id=92,leaf=1,depth=6
h=0,probs={1:1}
id=46,leaf=1,depth=5
h=0,probs={3:1}
id=2,leaf=0,depth=1
feature=5,threshold=490.77,left=5,right=6
id=5,leaf=0,depth=2
feature=4,threshold=375,left=11,right=12
id=11,leaf=0,depth=3
feature=8,threshold=12.3011,left=23,right=24
id=23,leaf=0,depth=4
feature=4,threshold=121.5,left=47,right=48
id=47,leaf=1,depth=5
h=0,probs={3:1}
id=48,leaf=1,depth=5
h=0,probs={2:1}
id=24,leaf=1,depth=4
h=0,probs={3:1}
id=12,leaf=1,depth=3
h=0,probs={3:1}
id=6,leaf=0,depth=2
feature=8,threshold=-5.89974,left=13,right=14
id=13,leaf=1,depth=3
h=0,probs={3:1}
id=14,leaf=0,depth=3
feature=10,threshold=-0.000695269,left=29,right=30
id=29,leaf=1,depth=4
h=0,probs={1:1}
id=30,leaf=0,depth=4
feature=13,threshold=602761,left=61,right=62
id=61,leaf=1,depth=5
h=0,probs={1:1}
id=62,leaf=1,depth=5
h=0,probs={3:1}

max_depth=18446744073709551615,min_samples_leaf=1,min_samples_split=2,seed=3487411360,criterion=gini,max_features=sqrt,root_id=0
id=0,leaf=0,depth=0
feature=18,threshold=0.000805,left=1,right=2
id=1,leaf=0,depth=1
feature=0,threshold=104,left=3,right=4
id=3,leaf=0,depth=2
feature=0,threshold=100.5,left=7,right=8
id=7,leaf=0,depth=3
feature=15,threshold=5e-05,left=15,right=16
id=15,leaf=1,depth=4
h=0,probs={3:1}
id=16,leaf=1,depth=4
h=0,probs={1:1}
id=8,leaf=1,depth=3
h=0,probs={1:1}
id=4,leaf=0,depth=2
feature=17,threshold=0.00657085,left=9,right=10
id=9,leaf=0,depth=3
feature=18,threshold=0.000765,left=19,right=20
id=19,leaf=1,depth=4
h=0,probs={3:1}
id=20,leaf=0,depth=4
feature=25,threshold=2.16446e-05,left=41,right=42
id=41,leaf=0,depth=5
feature=11,threshold=2.92609e+06,left=83,right=84
id=83,leaf=1,depth=6
h=0,probs={1:1}
id=84,leaf=1,depth=6
h=0,probs={3:1}
id=42,leaf=1,depth=5
h=0,probs={3:1}
id=10,leaf=0,depth=3
feature=2,threshold=0.00163215,left=21,right=22
id=21,leaf=0,depth=4
feature=24,threshold=0.0406245,left=43,right=44
id=43,leaf=1,depth=5
h=0,probs={1:1}
id=44,leaf=1,depth=5
h=0,probs={3:1}
id=22,leaf=0,depth=4
feature=25,threshold=0.00344767,left=45,right=46
id=45,leaf=0,depth=5
feature=25,threshold=0.00214285,left=91,right=92
id=91,leaf=1,depth=6
h=0,probs={3:1}
id=92,leaf=1,depth=6
h=0,probs={1:1}
id=46,leaf=1,depth=5
h=0,probs={3:1}
id=2,leaf=0,depth=1
feature=5,threshold=490.77,left=5,right=6
id=5,leaf=0,depth=2
feature=4,threshold=375,left=11,right=12
id=11,leaf=0,depth=3
feature=8,threshold=12.3011,left=23,right=24
id=23,leaf=0,depth=4
feature=4,threshold=121.5,left=47,right=48
id=47,leaf=1,depth=5
h=0,probs={3:1}
id=48,leaf=1,depth=5
h=0,probs={2:1}
id=24,leaf=1,depth=4
h=0,probs={3:1}
id=12,leaf=1,depth=3
h=0,probs={3:1}
id=6,leaf=0,depth=2
feature=8,threshold=-5.89974,left=13,right=14
id=13,leaf=1,depth=3
h=0,probs={3:1}
id=14,leaf=0,depth=3
feature=10,threshold=-0.000695269,left=29,right=30
id=29,leaf=1,depth=4
h=0,probs={1:1}
id=30,leaf=0,depth=4
feature=13,threshold=602761,left=61,right=62
id=61,leaf=1,depth=5
h=0,probs={1:1}
id=62,leaf=1,depth=5
h=0,probs={3:1}

max_depth=18446744073709551615,min_samples_leaf=1,min_samples_split=2,seed=3487411360,criterion=gini,max_features=sqrt,root_id=0
id=0,leaf=0,depth=0
feature=18,threshold=0.000805,left=1,right=2
id=1,leaf=0,depth=1
feature=0,threshold=104,left=3,right=4
id=3,leaf=0,depth=2
feature=0,threshold=100.5,left=7,right=8
id=7,leaf=0,depth=3
feature=15,threshold=5e-05,left=15,right=16
id=15,leaf=1,depth=4
h=0,probs={3:1}
id=16,leaf=1,depth=4
h=0,probs={1:1}
id=8,leaf=1,depth=3
h=0,probs={1:1}
id=4,leaf=0,depth=2
feature=17,threshold=0.00657085,left=9,right=10
id=9,leaf=0,depth=3
feature=18,threshold=0.000765,left=19,right=20
id=19,leaf=1,depth=4
h=0,probs={3:1}
id=20,leaf=0,depth=4
feature=25,threshold=2.16446e-05,left=41,right=42
id=41,leaf=0,depth=5
feature=11,threshold=2.92609e+06,left=83,right=84
id=83,leaf=1,depth=6
h=0,probs={1:1}
id=84,leaf=1,depth=6
h=0,probs={3:1}
id=42,leaf=1,depth=5
h=0,probs={3:1}
id=10,leaf=0,depth=3
feature=2,threshold=0.00163215,left=21,right=22
id=21,leaf=0,depth=4
feature=24,threshold=0.0406245,left=43,right=44
id=43,leaf=1,depth=5
h=0,probs={1:1}
id=44,leaf=1,depth=5
h=0,probs={3:1}
id=22,leaf=0,depth=4
feature=25,threshold=0.00344767,left=45,right=46
id=45,leaf=0,depth=5
feature=25,threshold=0.00214285,left=91,right=92
id=91,leaf=1,depth=6
h=0,probs={3:1}
id=92,leaf=1,depth=6
h=0,probs={1:1}
id=46,leaf=1,depth=5
h=0,probs={3:1}
id=2,leaf=0,depth=1
feature=5,threshold=490.77,left=5,right=6
id=5,leaf=0,depth=2
feature=4,threshold=375,left=11,right=12
id=11,leaf=0,depth=3
feature=8,threshold=12.3011,left=23,right=24
id=23,leaf=0,depth=4
feature=4,threshold=121.5,left=47,right=48
id=47,leaf=1,depth=5
h=0,probs={3:1}
id=48,leaf=1,depth=5
h=0,probs={2:1}
id=24,leaf=1,depth=4
h=0,probs={3:1}
id=12,leaf=1,depth=3
h=0,probs={3:1}
id=6,leaf=0,depth=2
feature=8,threshold=-5.89974,left=13,right=14
id=13,leaf=1,depth=3
h=0,probs={3:1}
id=14,leaf=0,depth=3
feature=10,threshold=-0.000695269,left=29,right=30
id=29,leaf=1,depth=4
h=0,probs={1:1}
id=30,leaf=0,depth=4
feature=13,threshold=602761,left=61,right=62
id=61,leaf=1,depth=5
h=0,probs={1:1}
id=62,leaf=1,depth=5
h=0,probs={3:1}

max_depth=18446744073709551615,min_samples_leaf=1,min_samples_split=2,seed=3487411360,criterion=gini,max_features=sqrt,root_id=0
id=0,leaf=0,depth=0
feature=18,threshold=0.000805,left=1,right=2
id=1,leaf=0,depth=1
feature=0,threshold=104,left=3,right=4
id=3,leaf=0,depth=2
feature=0,threshold=100.5,left=7,right=8
id=7,leaf=0,depth=3
feature=15,threshold=5e-05,left=15,right=16
id=15,leaf=1,depth=4
h=0,probs={3:1}
id=16,leaf=1,depth=4
h=0,probs={1:1}
id=8,leaf=1,depth=3
h=0,probs={1:1}
id=4,leaf=0,depth=2
feature=17,threshold=0.00657085,left=9,right=10
id=9,leaf=0,depth=3
feature=18,threshold=0.000765,left=19,right=20
id=19,leaf=1,depth=4
h=0,probs={3:1}
id=20,leaf=0,depth=4
feature=25,threshold=2.16446e-05,left=41,right=42
id=41,leaf=0,depth=5
feature=11,threshold=2.92609e+06,left=83,right=84
id=83,leaf=1,depth=6
h=0,probs={1:1}
id=84,leaf=1,depth=6
h=0,probs={3:1}
id=42,leaf=1,depth=5
h=0,probs={3:1}
id=10,leaf=0,depth=3
feature=2,threshold=0.00163215,left=21,right=22
id=21,leaf=0,depth=4
feature=24,threshold=0.0406245,left=43,right=44
id=43,leaf=1,depth=5
h=0,probs={1:1}
id=44,leaf=1,depth=5
h=0,probs={3:1}
id=22,leaf=0,depth=4
feature=25,threshold=0.00344767,left=45,right=46
id=45,leaf=0,depth=5
feature=25,threshold=0.00214285,left=91,right=92
id=91,leaf=1,depth=6
h=0,probs={3:1}
id=92,leaf=1,depth=6
h=0,probs={1:1}
id=46,leaf=1,depth=5
h=0,probs={3:1}
id=2,leaf=0,depth=1
feature=5,threshold=490.77,left=5,right=6
id=5,leaf=0,depth=2
feature=4,threshold=375,left=11,right=12
id=11,leaf=0,depth=3
feature=8,threshold=12.3011,left=23,right=24
id=23,leaf=0,depth=4
feature=4,threshold=121.5,left=47,right=48
id=47,leaf=1,depth=5
h=0,probs={3:1}
id=48,leaf=1,depth=5
h=0,probs={2:1}
id=24,leaf=1,depth=4
h=0,probs={3:1}
id=12,leaf=1,depth=3
h=0,probs={3:1}
id=6,leaf=0,depth=2
feature=8,threshold=-5.89974,left=13,right=14
id=13,leaf=1,depth=3
h=0,probs={3:1}
id=14,leaf=0,depth=3
feature=10,threshold=-0.000695269,left=29,right=30
id=29,leaf=1,depth=4
h=0,probs={1:1}
id=30,leaf=0,depth=4
feature=13,threshold=602761,left=61,right=62
id=61,leaf=1,depth=5
h=0,probs={1:1}
id=62,leaf=1,depth=5
h=0,probs={3:1}

max_depth=18446744073709551615,min_samples_leaf=1,min_samples_split=2,seed=3487411360,criterion=gini,max_features=sqrt,root_id=0
id=0,leaf=0,depth=0
feature=18,threshold=0.000805,left=1,right=2
id=1,leaf=0,depth=1
feature=0,threshold=104,left=3,right=4
id=3,leaf=0,depth=2
feature=0,threshold=100.5,left=7,right=8
id=7,leaf=0,depth=3
feature=15,threshold=5e-05,left=15,right=16
id=15,leaf=1,depth=4
h=0,probs={3:1}
id=16,leaf=1,depth=4
h=0,probs={1:1}
id=8,leaf=1,depth=3
h=0,probs={1:1}
id=4,leaf=0,depth=2
feature=17,threshold=0.00657085,left=9,right=10
id=9,leaf=0,depth=3
feature=18,threshold=0.000765,left=19,right=20
id=19,leaf=1,depth=4
h=0,probs={3:1}
id=20,leaf=0,depth=4
feature=25,threshold=2.16446e-05,left=41,right=42
id=41,leaf=0,depth=5
feature=11,threshold=2.92609e+06,left=83,right=84
id=83,leaf=1,depth=6
h=0,probs={1:1}
id=84,leaf=1,depth=6
h=0,probs={3:1}
id=42,leaf=1,depth=5
h=0,probs={3:1}
id=10,leaf=0,depth=3
feature=2,threshold=0.00163215,left=21,right=22
id=21,leaf=0,depth=4
feature=24,threshold=0.0406245,left=43,right=44
id=43,leaf=1,depth=5
h=0,probs={1:1}
id=44,leaf=1,depth=5
h=0,probs={3:1}
id=22,leaf=0,depth=4
feature=25,threshold=0.00344767,left=45,right=46
id=45,leaf=0,depth=5
feature=25,threshold=0.00214285,left=91,right=92
id=91,leaf=1,depth=6
h=0,probs={3:1}
id=92,leaf=1,depth=6
h=0,probs={1:1}
id=46,leaf=1,depth=5
h=0,probs={3:1}
id=2,leaf=0,depth=1
feature=5,threshold=490.77,left=5,right=6
id=5,leaf=0,depth=2
feature=4,threshold=375,left=11,right=12
id=11,leaf=0,depth=3
feature=8,threshold=12.3011,left=23,right=24
id=23,leaf=0,depth=4
feature=4,threshold=121.5,left=47,right=48
id=47,leaf=1,depth=5
h=0,probs={3:1}
id=48,leaf=1,depth=5
h=0,probs={2:1}
id=24,leaf=1,depth=4
h=0,probs={3:1}
id=12,leaf=1,depth=3
h=0,probs={3:1}
id=6,leaf=0,depth=2
feature=8,threshold=-5.89974,left=13,right=14
id=13,leaf=1,depth=3
h=0,probs={3:1}
id=14,leaf=0,depth=3
feature=10,threshold=-0.000695269,left=29,right=30
id=29,leaf=1,depth=4
h=0,probs={1:1}
id=30,leaf=0,depth=4
feature=13,threshold=602761,left=61,right=62
id=61,leaf=1,depth=5
h=0,probs={1:1}
id=62,leaf=1,depth=5
h=0,probs={3:1}

max_depth=18446744073709551615,min_samples_leaf=1,min_samples_split=2,seed=3487411360,criterion=gini,max_features=sqrt,root_id=0
id=0,leaf=0,depth=0
feature=18,threshold=0.000805,left=1,right=2
id=1,leaf=0,depth=1
feature=0,threshold=104,left=3,right=4
id=3,leaf=0,depth=2
feature=0,threshold=100.5,left=7,right=8
id=7,leaf=0,depth=3
feature=15,threshold=5e-05,left=15,right=16
id=15,leaf=1,depth=4
h=0,probs={3:1}
id=16,leaf=1,depth=4
h=0,probs={1:1}
id=8,leaf=1,depth=3
h=0,probs={1:1}
id=4,leaf=0,depth=2
feature=17,threshold=0.00657085,left=9,right=10
id=9,leaf=0,depth=3
feature=18,threshold=0.000765,left=19,right=20
id=19,leaf=1,depth=4
h=0,probs={3:1}
id=20,leaf=0,depth=4
feature=25,threshold=2.16446e-05,left=41,right=42
id=41,leaf=0,depth=5
feature=11,threshold=2.92609e+06,left=83,right=84
id=83,leaf=1,depth=6
h=0,probs={1:1}
id=84,leaf=1,depth=6
h=0,probs={3:1}
id=42,leaf=1,depth=5
h=0,probs={3:1}
id=10,leaf=0,depth=3
feature=2,threshold=0.00163215,left=21,right=22
id=21,leaf=0,depth=4
feature=24,threshold=0.0406245,left=43,right=44
id=43,leaf=1,depth=5
h=0,probs={1:1}
id=44,leaf=1,depth=5
h=0,probs={3:1}
id=22,leaf=0,depth=4
feature=25,threshold=0.00344767,left=45,right=46
id=45,leaf=0,depth=5
feature=25,threshold=0.00214285,left=91,right=92
id=91,leaf=1,depth=6
h=0,probs={3:1}
id=92,leaf=1,depth=6
h=0,probs={1:1}
id=46,leaf=1,depth=5
h=0,probs={3:1}
id=2,leaf=0,depth=1
feature=5,threshold=490.77,left=5,right=6
id=5,leaf=0,depth=2
feature=4,threshold=375,left=11,right=12
id=11,leaf=0,depth=3
feature=8,threshold=12.3011,left=23,right=24
id=23,leaf=0,depth=4
feature=4,threshold=121.5,left=47,right=48
id=47,leaf=1,depth=5
h=0,probs={3:1}
id=48,leaf=1,depth=5
h=0,probs={2:1}
id=24,leaf=1,depth=4
h=0,probs={3:1}
id=12,leaf=1,depth=3
h=0,probs={3:1}
id=6,leaf=0,depth=2
feature=8,threshold=-5.89974,left=13,right=14
id=13,leaf=1,depth=3
h=0,probs={3:1}
id=14,leaf=0,depth=3
feature=10,threshold=-0.000695269,left=29,right=30
id=29,leaf=1,depth=4
h=0,probs={1:1}
id=30,leaf=0,depth=4
feature=13,threshold=602761,left=61,right=62
id=61,leaf=1,depth=5
h=0,probs={1:1}
id=62,leaf=1,depth=5
h=0,probs={3:1}

max_depth=18446744073709551615,min_samples_leaf=1,min_samples_split=2,seed=3487411360,criterion=gini,max_features=sqrt,root_id=0
id=0,leaf=0,depth=0
feature=18,threshold=0.000805,left=1,right=2
id=1,leaf=0,depth=1
feature=0,threshold=104,left=3,right=4
id=3,leaf=0,depth=2
feature=0,threshold=100.5,left=7,right=8
id=7,leaf=0,depth=3
feature=15,threshold=5e-05,left=15,right=16
id=15,leaf=1,depth=4
h=0,probs={3:1}
id=16,leaf=1,depth=4
h=0,probs={1:1}
id=8,leaf=1,depth=3
h=0,probs={1:1}
id=4,leaf=0,depth=2
feature=17,threshold=0.00657085,left=9,right=10
id=9,leaf=0,depth=3
feature=18,threshold=0.000765,left=19,right=20
id=19,leaf=1,depth=4
h=0,probs={3:1}
id=20,leaf=0,depth=4
feature=25,threshold=2.16446e-05,left=41,right=42
id=41,leaf=0,depth=5
feature=11,threshold=2.92609e+06,left=83,right=84
id=83,leaf=1,depth=6
h=0,probs={1:1}
id=84,leaf=1,depth=6
h=0,probs={3:1}
id=42,leaf=1,depth=5
h=0,probs={3:1}
id=10,leaf=0,depth=3
feature=2,threshold=0.00163215,left=21,right=22
id=21,leaf=0,depth=4
feature=24,threshold=0.0406245,left=43,right=44
id=43,leaf=1,depth=5
h=0,probs={1:1}
id=44,leaf=1,depth=5
h=0,probs={3:1}
id=22,leaf=0,depth=4
feature=25,threshold=0.00344767,left=45,right=46
id=45,leaf=0,depth=5
feature=25,threshold=0.00214285,left=91,right=92
id=91,leaf=1,depth=6
h=0,probs={3:1}
id=92,leaf=1,depth=6
h=0,probs={1:1}
id=46,leaf=1,depth=5
h=0,probs={3:1}
id=2,leaf=0,depth=1
feature=5,threshold=490.77,left=5,right=6
id=5,leaf=0,depth=2
feature=4,threshold=375,left=11,right=12
id=11,leaf=0,depth=3
feature=8,threshold=12.3011,left=23,right=24
id=23,leaf=0,depth=4
feature=4,threshold=121.5,left=47,right=48
id=47,leaf=1,depth=5
h=0,probs={3:1}
id=48,leaf=1,depth=5
h=0,probs={2:1}
id=24,leaf=1,depth=4
h=0,probs={3:1}
id=12,leaf=1,depth=3
h=0,probs={3:1}
id=6,leaf=0,depth=2
feature=8,threshold=-5.89974,left=13,right=14
id=13,leaf=1,depth=3
h=0,probs={3:1}
id=14,leaf=0,depth=3
feature=10,threshold=-0.000695269,left=29,right=30
id=29,leaf=1,depth=4
h=0,probs={1:1}
id=30,leaf=0,depth=4
feature=13,threshold=602761,left=61,right=62
id=61,leaf=1,depth=5
h=0,probs={1:1}
id=62,leaf=1,depth=5
h=0,probs={3:1}


